<?xml version="1.0" encoding="UTF-8"?>
<!-- Generated by org.testng.reporters.JUnitXMLReporter -->
<testsuite ignored="0" hostname="DESKTOP-6PMNGS4" failures="0" tests="1" name="testSuites" time="0.131" errors="0" timestamp="2023-11-01T12:43:05 IST">
  <testcase classname="com.jarvis.testutility.BaseTest" name="@BeforeSuite setup" time="2.708">
    <failure type="java.lang.ExceptionInInitializerError">
      <![CDATA[java.lang.ExceptionInInitializerError
at org.openqa.selenium.remote.HttpCommandExecutor.getDefaultClientFactory(HttpCommandExecutor.java:61)
at org.openqa.selenium.remote.HttpCommandExecutor.<init>(HttpCommandExecutor.java:95)
at org.openqa.selenium.remote.service.DriverCommandExecutor.<init>(DriverCommandExecutor.java:89)
at org.openqa.selenium.chromium.ChromiumDriverCommandExecutor.<init>(ChromiumDriverCommandExecutor.java:43)
at org.openqa.selenium.edge.EdgeDriver$EdgeDriverCommandExecutor.<init>(EdgeDriver.java:87)
at org.openqa.selenium.edge.EdgeDriver.generateExecutor(EdgeDriver.java:77)
at org.openqa.selenium.edge.EdgeDriver.<init>(EdgeDriver.java:60)
at org.openqa.selenium.edge.EdgeDriver.<init>(EdgeDriver.java:56)
at org.openqa.selenium.edge.EdgeDriver.<init>(EdgeDriver.java:48)
at com.Jarvis.Library.BaseClass.newDriver(BaseClass.java:121)
at com.jarvis.testutility.BaseTest.setup(BaseTest.java:41)
Caused by: java.lang.IllegalArgumentException: Unknown HttpClient factory netty
at org.openqa.selenium.remote.http.HttpClient$Factory.create(HttpClient.java:57)
at org.openqa.selenium.remote.http.HttpClient$Factory.createDefault(HttpClient.java:73)
at org.openqa.selenium.remote.HttpCommandExecutor$DefaultClientFactoryHolder.<clinit>(HttpCommandExecutor.java:57)
... 28 more
... Removed 17 stack frames]]>
    </failure>
  </testcase> <!-- @BeforeSuite setup -->
  <testcase classname="com.jarvis.testutility.BaseTest" name="@BeforeTest beforeTest" time="0.0">
    <skipped/>
  </testcase> <!-- @BeforeTest beforeTest -->
  <testcase classname="com.jarvis.testutility.BaseTest" name="@BeforeClass pageobjects" time="0.0">
    <skipped/>
  </testcase> <!-- @BeforeClass pageobjects -->
  <testcase classname="com.jarvis.testutility.BaseTest" name="@BeforeMethod createExtentTest" time="0.0">
    <skipped/>
  </testcase> <!-- @BeforeMethod createExtentTest -->
  <testcase classname="com.jarvis.testutility.BaseTest" name="@AfterMethod captureScreenshot" time="0.0">
    <skipped/>
  </testcase> <!-- @AfterMethod captureScreenshot -->
  <testcase classname="com.jarvis.testutility.BaseTest" name="@AfterTest afterTest" time="0.0">
    <skipped/>
  </testcase> <!-- @AfterTest afterTest -->
  <testcase classname="com.logintest.TestClass_login" name="ClickonLoginwithPassword" time="0.0">
    <skipped/>
  </testcase> <!-- ClickonLoginwithPassword -->
</testsuite> <!-- testSuites -->
